<?xml version="1.0" encoding="UTF-8"?>
<!-- Generated by org.testng.reporters.JUnitReportReporter -->
<testsuite skipped="0" hostname="DESKTOP-EATUFBI" name="testcase.DeleteLead" tests="1" failures="0" timestamp="2020-12-17T11:31:16 IST" time="20.385" errors="0">
  <testcase name="runDeleteLead" time="20.385" classname="testcase.DeleteLead"/>
</testsuite> <!-- testcase.DeleteLead -->
