<?xml version="1.0" encoding="UTF-8"?>
<!-- Generated by org.testng.reporters.JUnitReportReporter -->
<testsuite skipped="0" hostname="DESKTOP-EATUFBI" name="testng.day1.TestSet" tests="1" failures="0" timestamp="2021-01-23T13:15:11 IST" time="0.001" errors="0">
  <testcase name="DuplicateTest" time="0.001" classname="testng.day1.TestSet"/>
</testsuite> <!-- testng.day1.TestSet -->
