<?xml version="1.0" encoding="UTF-8"?>
<!-- Generated by org.testng.reporters.JUnitReportReporter -->
<testsuite skipped="0" hostname="DESKTOP-EATUFBI" name="testcase.Create" tests="1" failures="0" timestamp="2021-01-24T11:56:38 IST" time="19.298" errors="0">
  <testcase name="runLead" time="19.298" classname="testcase.Create"/>
</testsuite> <!-- testcase.Create -->
