<?xml version="1.0" encoding="UTF-8"?>
<!-- Generated by org.testng.reporters.JUnitReportReporter -->
<testsuite skipped="0" hostname="DESKTOP-EATUFBI" name="servicenowtestcases.UpdateExistingIncident" tests="1" failures="0" timestamp="2021-01-24T22:32:06 IST" time="57.479" errors="0">
  <testcase name="runUpdate" time="57.479" classname="servicenowtestcases.UpdateExistingIncident"/>
</testsuite> <!-- servicenowtestcases.UpdateExistingIncident -->
